Andrew
[10/06/1999 - 15:18:26] -----------------------------
Andrew
[10/06/1999 - 15:18:26] Andrew logged in.
Andrew
[10/06/1999 - 15:18:53] -----------------------------
Andrew
[10/06/1999 - 15:18:36] Andrew logged in as SuperUser.
Andrew
[10/06/1999 - 15:29:04] Andrew: Invalid Password Length.
sdf
[10/06/1999 - 15:30:45] sdf: Invalid Login Length.
df sdf
[10/06/1999 - 15:30:50] df sdf: User Entered the Wrong Login.
df sdf
[10/06/1999 - 15:30:54] Exceeded maximum number of tries.
df sdf
[10/06/1999 - 15:30:55] User Locked Out.
df sdf
[10/06/1999 - 15:30:56] -----------------------------
Andrew
[10/06/1999 - 15:39:28] -----------------------------
Andrew
[10/06/1999 - 15:39:28] Andrew logged in.
Andrew
[10/06/1999 - 15:40:00] -----------------------------
andrew
[10/06/1999 - 15:39:34] andrew: User Entered the Wrong Login.
Andrew
[10/06/1999 - 15:39:50] Andrew logged in as SuperUser.
